<?xml version="1.0" encoding="UTF-8" ?>
<testsuite failures="0" time="4.722" errors="0" skipped="9" tests="11" name="com.niit.test.BlogDAOTestCase">
  <properties>
[...]
</properties>
  <testcase time="1.896" classname="com.niit.test.BlogDAOTestCase" name="addBlogTest">
    <skipped/>
    <system-out>+++++ Do database manipulation of Blog Model as BlogDAO has been enabled now!! +++++
inside getDataSource()....
--------&gt;  Data Source is now operational  &lt;---------
 * * * * * Session Factory Bean or better to call &apos;the Spring Container&apos; has just been initalized * * * * * 
+++++ Do database manipulation of Forum Model as ForumDAO has been enabled now!! +++++
+++++ Do database manipulation of Job Model as JobDAO has been enabled now!! +++++
+++++ Do database manipulation of UserDetail Model as UserDetailDAO has been enabled now!! +++++
(   (  ( (Transaction Tunnel has been opened for a Synchronized committed transaction with the Oracle Database) )  )   )
 We are inside Before Class intantiated object!!com.niit.dao.BlogDAOImpl@39db7247
</system-out>
    <system-err>Apr 09, 2018 5:10:05 PM org.springframework.context.annotation.AnnotationConfigApplicationContext prepareRefresh
INFO: Refreshing org.springframework.context.annotation.AnnotationConfigApplicationContext@16ce38f1: startup date [Mon Apr 09 17:10:05 IST 2018]; root of context hierarchy
Apr 09, 2018 5:10:05 PM org.springframework.beans.factory.support.DefaultListableBeanFactory registerBeanDefinition
INFO: Overriding bean definition for bean &apos;blogDAO&apos; with a different definition: replacing [Generic bean: class [com.niit.dao.BlogDAOImpl]; scope=singleton; abstract=false; lazyInit=false; autowireMode=0; dependencyCheck=0; autowireCandidate=true; primary=false; factoryBeanName=null; factoryMethodName=null; initMethodName=null; destroyMethodName=null; defined in file [F:\dt workspace\ChatBackEnd\target\classes\com\niit\dao\BlogDAOImpl.class]] with [Root bean: class [null]; scope=; abstract=false; lazyInit=false; autowireMode=3; dependencyCheck=0; autowireCandidate=true; primary=false; factoryBeanName=DBConfig; factoryMethodName=getBlogDAO; initMethodName=null; destroyMethodName=(inferred); defined in com.niit.config.DBConfig]
Apr 09, 2018 5:10:05 PM org.springframework.beans.factory.support.DefaultListableBeanFactory registerBeanDefinition
INFO: Overriding bean definition for bean &apos;forumDAO&apos; with a different definition: replacing [Generic bean: class [com.niit.dao.ForumDAOImpl]; scope=singleton; abstract=false; lazyInit=false; autowireMode=0; dependencyCheck=0; autowireCandidate=true; primary=false; factoryBeanName=null; factoryMethodName=null; initMethodName=null; destroyMethodName=null; defined in file [F:\dt workspace\ChatBackEnd\target\classes\com\niit\dao\ForumDAOImpl.class]] with [Root bean: class [null]; scope=; abstract=false; lazyInit=false; autowireMode=3; dependencyCheck=0; autowireCandidate=true; primary=false; factoryBeanName=DBConfig; factoryMethodName=getforumDAO; initMethodName=null; destroyMethodName=(inferred); defined in com.niit.config.DBConfig]
Apr 09, 2018 5:10:05 PM org.springframework.beans.factory.support.DefaultListableBeanFactory registerBeanDefinition
INFO: Overriding bean definition for bean &apos;userDetailDAO&apos; with a different definition: replacing [Generic bean: class [com.niit.dao.UserDetailDAOImpl]; scope=singleton; abstract=false; lazyInit=false; autowireMode=0; dependencyCheck=0; autowireCandidate=true; primary=false; factoryBeanName=null; factoryMethodName=null; initMethodName=null; destroyMethodName=null; defined in file [F:\dt workspace\ChatBackEnd\target\classes\com\niit\dao\UserDetailDAOImpl.class]] with [Root bean: class [null]; scope=; abstract=false; lazyInit=false; autowireMode=3; dependencyCheck=0; autowireCandidate=true; primary=false; factoryBeanName=DBConfig; factoryMethodName=getUserDetailDAO; initMethodName=null; destroyMethodName=(inferred); defined in com.niit.config.DBConfig]
Apr 09, 2018 5:10:05 PM org.springframework.beans.factory.support.DefaultListableBeanFactory registerBeanDefinition
INFO: Overriding bean definition for bean &apos;jobDAO&apos; with a different definition: replacing [Generic bean: class [com.niit.dao.JobDAOImpl]; scope=singleton; abstract=false; lazyInit=false; autowireMode=0; dependencyCheck=0; autowireCandidate=true; primary=false; factoryBeanName=null; factoryMethodName=null; initMethodName=null; destroyMethodName=null; defined in file [F:\dt workspace\ChatBackEnd\target\classes\com\niit\dao\JobDAOImpl.class]] with [Root bean: class [null]; scope=; abstract=false; lazyInit=false; autowireMode=3; dependencyCheck=0; autowireCandidate=true; primary=false; factoryBeanName=DBConfig; factoryMethodName=getJobDAO; initMethodName=null; destroyMethodName=(inferred); defined in com.niit.config.DBConfig]
Apr 09, 2018 5:10:06 PM org.springframework.jdbc.datasource.DriverManagerDataSource setDriverClassName
INFO: Loaded JDBC driver: oracle.jdbc.driver.OracleDriver
Apr 09, 2018 5:10:06 PM org.hibernate.Version logVersion
INFO: HHH000412: Hibernate Core {5.1.3.Final}
Apr 09, 2018 5:10:06 PM org.hibernate.cfg.Environment &lt;clinit&gt;
INFO: HHH000206: hibernate.properties not found
Apr 09, 2018 5:10:06 PM org.hibernate.cfg.Environment buildBytecodeProvider
INFO: HHH000021: Bytecode provider name : javassist
Apr 09, 2018 5:10:06 PM org.hibernate.annotations.common.reflection.java.JavaReflectionManager &lt;clinit&gt;
INFO: HCANN000001: Hibernate Commons Annotations {5.0.1.Final}
Apr 09, 2018 5:10:06 PM org.hibernate.dialect.Dialect &lt;init&gt;
INFO: HHH000400: Using dialect: org.hibernate.dialect.Oracle10gDialect
Apr 09, 2018 5:10:07 PM org.springframework.orm.hibernate5.HibernateTransactionManager afterPropertiesSet
INFO: Using DataSource [org.springframework.jdbc.datasource.DriverManagerDataSource@40014da3] of Hibernate SessionFactory for HibernateTransactionManager
</system-err>
  </testcase>
  <testcase time="1.896" classname="com.niit.test.BlogDAOTestCase" name="addCommentTest">
    <skipped/>
  </testcase>
  <testcase time="0.145" classname="com.niit.test.BlogDAOTestCase" name="listAllBlogTestCase"/>
  <testcase time="0.145" classname="com.niit.test.BlogDAOTestCase" name="listApprovedBlogByUserTest">
    <skipped/>
  </testcase>
  <testcase time="0.145" classname="com.niit.test.BlogDAOTestCase" name="rejectBlogTest">
    <skipped/>
  </testcase>
  <testcase time="0.145" classname="com.niit.test.BlogDAOTestCase" name="approveBlogTest">
    <skipped/>
  </testcase>
  <testcase time="0.145" classname="com.niit.test.BlogDAOTestCase" name="listBlogByUserTest">
    <skipped/>
  </testcase>
  <testcase time="0.145" classname="com.niit.test.BlogDAOTestCase" name="deleteingBlogTest">
    <skipped/>
  </testcase>
  <testcase time="0.02" classname="com.niit.test.BlogDAOTestCase" name="listAllBlogComment"/>
  <testcase time="0.02" classname="com.niit.test.BlogDAOTestCase" name="deleteingBlogCommentTest">
    <skipped/>
  </testcase>
  <testcase time="0.02" classname="com.niit.test.BlogDAOTestCase" name="increamentLikeTest">
    <skipped/>
  </testcase>
</testsuite>