<?xml version="1.0" encoding="UTF-8" ?>
<testsuite tests="11" failures="0" name="com.niit.test.BlogDAOTestCase" time="2.735" errors="0" skipped="10">
  <properties>
[...]
</properties>
  <testcase classname="com.niit.test.BlogDAOTestCase" name="addBlogTest" time="1.855">
    <skipped/>
    <system-out>+++++ Do database manipulation of Blog Model as BlogDAO has been enabled now!! +++++
inside getDataSource()....
--------&gt;  Data Source is now operational  &lt;---------
 * * * * * Session Factory Bean or better to call &apos;the Spring Container&apos; has just been initalized * * * * * 
+++++ Do database manipulation of Forum Model as ForumDAO has been enabled now!! +++++
+++++ Do database manipulation of Job Model as JobDAO has been enabled now!! +++++
+++++ Do database manipulation of UserDetail Model as UserDetailDAO has been enabled now!! +++++
+++++ Do database manipulation of UserProfile Model as UserProfileDAO has been enabled now!! +++++
+++++  FriendDAO has been enabled now!! +++++
(   (  ( (Transaction Tunnel has been opened for a Synchronized committed transaction with the Oracle Database) )  )   )
 We are inside Before Class intantiated object!!com.niit.dao.BlogDAOImpl@31ff1390
</system-out>
    <system-err>Apr 18, 2018 2:44:20 PM org.springframework.context.annotation.AnnotationConfigApplicationContext prepareRefresh
INFO: Refreshing org.springframework.context.annotation.AnnotationConfigApplicationContext@64c64813: startup date [Wed Apr 18 14:44:20 IST 2018]; root of context hierarchy
Apr 18, 2018 2:44:20 PM org.springframework.beans.factory.support.DefaultListableBeanFactory registerBeanDefinition
INFO: Overriding bean definition for bean &apos;blogDAO&apos; with a different definition: replacing [Generic bean: class [com.niit.dao.BlogDAOImpl]; scope=singleton; abstract=false; lazyInit=false; autowireMode=0; dependencyCheck=0; autowireCandidate=true; primary=false; factoryBeanName=null; factoryMethodName=null; initMethodName=null; destroyMethodName=null; defined in file [F:\dt workspace\ChatBackEnd\target\classes\com\niit\dao\BlogDAOImpl.class]] with [Root bean: class [null]; scope=; abstract=false; lazyInit=false; autowireMode=3; dependencyCheck=0; autowireCandidate=true; primary=false; factoryBeanName=DBConfig; factoryMethodName=getBlogDAO; initMethodName=null; destroyMethodName=(inferred); defined in com.niit.config.DBConfig]
Apr 18, 2018 2:44:20 PM org.springframework.beans.factory.support.DefaultListableBeanFactory registerBeanDefinition
INFO: Overriding bean definition for bean &apos;forumDAO&apos; with a different definition: replacing [Generic bean: class [com.niit.dao.ForumDAOImpl]; scope=singleton; abstract=false; lazyInit=false; autowireMode=0; dependencyCheck=0; autowireCandidate=true; primary=false; factoryBeanName=null; factoryMethodName=null; initMethodName=null; destroyMethodName=null; defined in file [F:\dt workspace\ChatBackEnd\target\classes\com\niit\dao\ForumDAOImpl.class]] with [Root bean: class [null]; scope=; abstract=false; lazyInit=false; autowireMode=3; dependencyCheck=0; autowireCandidate=true; primary=false; factoryBeanName=DBConfig; factoryMethodName=getforumDAO; initMethodName=null; destroyMethodName=(inferred); defined in com.niit.config.DBConfig]
Apr 18, 2018 2:44:20 PM org.springframework.beans.factory.support.DefaultListableBeanFactory registerBeanDefinition
INFO: Overriding bean definition for bean &apos;userDetailDAO&apos; with a different definition: replacing [Generic bean: class [com.niit.dao.UserDetailDAOImpl]; scope=singleton; abstract=false; lazyInit=false; autowireMode=0; dependencyCheck=0; autowireCandidate=true; primary=false; factoryBeanName=null; factoryMethodName=null; initMethodName=null; destroyMethodName=null; defined in file [F:\dt workspace\ChatBackEnd\target\classes\com\niit\dao\UserDetailDAOImpl.class]] with [Root bean: class [null]; scope=; abstract=false; lazyInit=false; autowireMode=3; dependencyCheck=0; autowireCandidate=true; primary=false; factoryBeanName=DBConfig; factoryMethodName=getUserDetailDAO; initMethodName=null; destroyMethodName=(inferred); defined in com.niit.config.DBConfig]
Apr 18, 2018 2:44:20 PM org.springframework.beans.factory.support.DefaultListableBeanFactory registerBeanDefinition
INFO: Overriding bean definition for bean &apos;userProfileDAO&apos; with a different definition: replacing [Generic bean: class [com.niit.dao.UserProfileDAOImpl]; scope=singleton; abstract=false; lazyInit=false; autowireMode=0; dependencyCheck=0; autowireCandidate=true; primary=false; factoryBeanName=null; factoryMethodName=null; initMethodName=null; destroyMethodName=null; defined in file [F:\dt workspace\ChatBackEnd\target\classes\com\niit\dao\UserProfileDAOImpl.class]] with [Root bean: class [null]; scope=; abstract=false; lazyInit=false; autowireMode=3; dependencyCheck=0; autowireCandidate=true; primary=false; factoryBeanName=DBConfig; factoryMethodName=getUserProfileDAO; initMethodName=null; destroyMethodName=(inferred); defined in com.niit.config.DBConfig]
Apr 18, 2018 2:44:20 PM org.springframework.beans.factory.support.DefaultListableBeanFactory registerBeanDefinition
INFO: Overriding bean definition for bean &apos;jobDAO&apos; with a different definition: replacing [Generic bean: class [com.niit.dao.JobDAOImpl]; scope=singleton; abstract=false; lazyInit=false; autowireMode=0; dependencyCheck=0; autowireCandidate=true; primary=false; factoryBeanName=null; factoryMethodName=null; initMethodName=null; destroyMethodName=null; defined in file [F:\dt workspace\ChatBackEnd\target\classes\com\niit\dao\JobDAOImpl.class]] with [Root bean: class [null]; scope=; abstract=false; lazyInit=false; autowireMode=3; dependencyCheck=0; autowireCandidate=true; primary=false; factoryBeanName=DBConfig; factoryMethodName=getJobDAO; initMethodName=null; destroyMethodName=(inferred); defined in com.niit.config.DBConfig]
Apr 18, 2018 2:44:21 PM org.springframework.jdbc.datasource.DriverManagerDataSource setDriverClassName
INFO: Loaded JDBC driver: oracle.jdbc.driver.OracleDriver
Apr 18, 2018 2:44:21 PM org.hibernate.Version logVersion
INFO: HHH000412: Hibernate Core {5.1.3.Final}
Apr 18, 2018 2:44:21 PM org.hibernate.cfg.Environment &lt;clinit&gt;
INFO: HHH000206: hibernate.properties not found
Apr 18, 2018 2:44:21 PM org.hibernate.cfg.Environment buildBytecodeProvider
INFO: HHH000021: Bytecode provider name : javassist
Apr 18, 2018 2:44:21 PM org.hibernate.annotations.common.reflection.java.JavaReflectionManager &lt;clinit&gt;
INFO: HCANN000001: Hibernate Commons Annotations {5.0.1.Final}
Apr 18, 2018 2:44:21 PM org.hibernate.dialect.Dialect &lt;init&gt;
INFO: HHH000400: Using dialect: org.hibernate.dialect.Oracle10gDialect
Apr 18, 2018 2:44:22 PM org.springframework.orm.hibernate5.HibernateTransactionManager afterPropertiesSet
INFO: Using DataSource [org.springframework.jdbc.datasource.DriverManagerDataSource@6f6962ba] of Hibernate SessionFactory for HibernateTransactionManager
</system-err>
  </testcase>
  <testcase classname="com.niit.test.BlogDAOTestCase" name="addCommentTest" time="0.088"/>
  <testcase classname="com.niit.test.BlogDAOTestCase" name="listAllBlogTestCase" time="0.088">
    <skipped/>
  </testcase>
  <testcase classname="com.niit.test.BlogDAOTestCase" name="rejectBlogTest" time="0.088">
    <skipped/>
  </testcase>
  <testcase classname="com.niit.test.BlogDAOTestCase" name="approveBlogTest" time="0.088">
    <skipped/>
  </testcase>
  <testcase classname="com.niit.test.BlogDAOTestCase" name="listNotApprovedBlogByUserTest" time="0.088">
    <skipped/>
  </testcase>
  <testcase classname="com.niit.test.BlogDAOTestCase" name="listBlogByUserTest" time="0.088">
    <skipped/>
  </testcase>
  <testcase classname="com.niit.test.BlogDAOTestCase" name="deleteingBlogTest" time="0.088">
    <skipped/>
  </testcase>
  <testcase classname="com.niit.test.BlogDAOTestCase" name="listAllBlogComment" time="0.088">
    <skipped/>
  </testcase>
  <testcase classname="com.niit.test.BlogDAOTestCase" name="deleteingBlogCommentTest" time="0.088">
    <skipped/>
  </testcase>
  <testcase classname="com.niit.test.BlogDAOTestCase" name="increamentLikeTest" time="0.088">
    <skipped/>
  </testcase>
</testsuite>